<?xml version="1.0" encoding="UTF-8"?>
<!-- Generated by org.testng.reporters.JUnitXMLReporter -->
<testsuite ignored="9" hostname="DESKTOP-GPRRRCM" failures="0" tests="1" name="Default test(failed)" time="3.3" errors="0" timestamp="2025-09-03T02:15:10 IST">
  <testcase classname="testcases.ProductTests" name="testAddNewProduct" time="2.869"/>
  <testcase classname="testcases.ProductTests" name="testGetSortedProducts" time="0.0">
    <ignored/>
  </testcase> <!-- testGetSortedProducts -->
  <testcase classname="testcases.ProductTests" name="testGetProductsByCategory" time="0.0">
    <ignored/>
  </testcase> <!-- testGetProductsByCategory -->
  <testcase classname="testcases.ProductTests" name="testGetLimitedProducts" time="0.0">
    <ignored/>
  </testcase> <!-- testGetLimitedProducts -->
  <testcase classname="testcases.ProductTests" name="testGetAllCategories" time="0.0">
    <ignored/>
  </testcase> <!-- testGetAllCategories -->
  <testcase classname="testcases.ProductTests" name="testGetSingleProductById" time="0.0">
    <ignored/>
  </testcase> <!-- testGetSingleProductById -->
  <testcase classname="testcases.ProductTests" name="testGetAllProducts" time="0.0">
    <ignored/>
  </testcase> <!-- testGetAllProducts -->
  <testcase classname="testcases.ProductTests" name="testDeleteProduct" time="0.0">
    <ignored/>
  </testcase> <!-- testDeleteProduct -->
  <testcase classname="testcases.ProductTests" name="testGetSortedProductsAsc" time="0.0">
    <ignored/>
  </testcase> <!-- testGetSortedProductsAsc -->
  <testcase classname="testcases.ProductTests" name="testUpdateProduct" time="0.0">
    <ignored/>
  </testcase> <!-- testUpdateProduct -->
</testsuite> <!-- Default test(failed) -->
