<?xml version="1.0" encoding="UTF-8"?>
<!-- Generated by org.testng.reporters.JUnitXMLReporter -->
<testsuite ignored="0" hostname="DESKTOP-GPRRRCM" failures="0" tests="10" name="API Tests(failed)" time="0.95" errors="0" timestamp="2025-09-03T02:02:37 IST">
  <testcase classname="testcases.BaseClass" name="@BeforeClass setup" time="0.424">
    <failure type="java.io.FileNotFoundException" message=".\logs\test_logging.log (The system cannot find the path specified)">
      <![CDATA[java.io.FileNotFoundException: .\logs\test_logging.log (The system cannot find the path specified)
at java.base/java.io.FileOutputStream.open0(Native Method)
at java.base/java.io.FileOutputStream.open(FileOutputStream.java:255)
at java.base/java.io.FileOutputStream.<init>(FileOutputStream.java:210)
at java.base/java.io.FileOutputStream.<init>(FileOutputStream.java:120)
at testcases.BaseClass.setup(BaseClass.java:34)
at java.base/java.util.ArrayList.forEach(ArrayList.java:1604)
... Removed 23 stack frames]]>
    </failure>
  </testcase> <!-- @BeforeClass setup -->
  <testcase classname="testcases.ProductTests" name="testGetSingleProductById" time="0.001">
    <skipped/>
  </testcase> <!-- testGetSingleProductById -->
  <testcase classname="testcases.ProductTests" name="testAddNewProduct" time="0.0">
    <skipped/>
  </testcase> <!-- testAddNewProduct -->
  <testcase classname="testcases.ProductTests" name="testGetProductsByCategory" time="0.0">
    <skipped/>
  </testcase> <!-- testGetProductsByCategory -->
  <testcase classname="testcases.ProductTests" name="testDeleteProduct" time="0.0">
    <skipped/>
  </testcase> <!-- testDeleteProduct -->
  <testcase classname="testcases.ProductTests" name="testGetLimitedProducts" time="0.0">
    <skipped/>
  </testcase> <!-- testGetLimitedProducts -->
  <testcase classname="testcases.ProductTests" name="testUpdateProduct" time="0.0">
    <skipped/>
  </testcase> <!-- testUpdateProduct -->
  <testcase classname="testcases.ProductTests" name="testGetSortedProducts" time="0.0">
    <skipped/>
  </testcase> <!-- testGetSortedProducts -->
  <testcase classname="testcases.ProductTests" name="testGetAllCategories" time="0.0">
    <skipped/>
  </testcase> <!-- testGetAllCategories -->
  <testcase classname="testcases.ProductTests" name="testGetSortedProductsAsc" time="0.0">
    <skipped/>
  </testcase> <!-- testGetSortedProductsAsc -->
  <testcase classname="testcases.ProductTests" name="testGetAllProducts" time="0.0">
    <skipped/>
  </testcase> <!-- testGetAllProducts -->
</testsuite> <!-- API Tests(failed) -->
