<?xml version="1.0" encoding="UTF-8"?>
<!-- Generated by org.testng.reporters.JUnitXMLReporter -->
<testsuite ignored="0" hostname="DESKTOP-GPRRRCM" failures="0" tests="8" name="Default test" time="7.213" errors="0" timestamp="2025-09-04T20:10:13 IST">
  <testcase classname="testcases.UserTests" name="testAddNewUser" time="2.74"/>
  <testcase classname="testcases.UserTests" name="testDeleteUser" time="0.505"/>
  <testcase classname="testcases.UserTests" name="testGetAllUsers" time="0.704"/>
  <testcase classname="testcases.UserTests" name="testGetUserAscendingSorted" time="0.6"/>
  <testcase classname="testcases.UserTests" name="testGetUserById" time="0.561"/>
  <testcase classname="testcases.UserTests" name="testGetUserByLimit" time="0.573"/>
  <testcase classname="testcases.UserTests" name="testGetUserDescendingSorted" time="0.611"/>
  <testcase classname="testcases.UserTests" name="testUpdateUser" time="0.473"/>
</testsuite> <!-- Default test -->
