<?xml version="1.0" encoding="UTF-8"?>
<!-- Generated by org.testng.reporters.JUnitXMLReporter -->
<testsuite ignored="0" hostname="DESKTOP-GPRRRCM" failures="0" tests="10" name="Product Tests" time="8.849" errors="0" timestamp="2025-09-07T11:03:52 IST">
  <testcase classname="testcases.ProductTests" name="testAddNewProduct" time="3.389"/>
  <testcase classname="testcases.ProductTests" name="testDeleteProduct" time="0.494"/>
  <testcase classname="testcases.ProductTests" name="testGetAllCategories" time="0.474"/>
  <testcase classname="testcases.ProductTests" name="testGetAllProducts" time="1.043"/>
  <testcase classname="testcases.ProductTests" name="testGetLimitedProducts" time="0.468"/>
  <testcase classname="testcases.ProductTests" name="testGetProductsByCategory" time="0.546"/>
  <testcase classname="testcases.ProductTests" name="testGetSingleProductById" time="0.445"/>
  <testcase classname="testcases.ProductTests" name="testGetSortedProducts" time="0.412"/>
  <testcase classname="testcases.ProductTests" name="testGetSortedProductsAsc" time="0.426"/>
  <testcase classname="testcases.ProductTests" name="testUpdateProduct" time="0.434"/>
</testsuite> <!-- Product Tests -->
