<?xml version="1.0" encoding="UTF-8"?>
<!-- Generated by org.testng.reporters.JUnitXMLReporter -->
<testsuite ignored="0" hostname="DESKTOP-GPRRRCM" failures="0" tests="8" name="User Tests" time="8.452" errors="0" timestamp="2025-09-07T11:03:51 IST">
  <testcase classname="testcases.UserTests" name="testAddNewUser" time="3.384"/>
  <testcase classname="testcases.UserTests" name="testDeleteUser" time="0.517"/>
  <testcase classname="testcases.UserTests" name="testGetAllUsers" time="0.618"/>
  <testcase classname="testcases.UserTests" name="testGetUserAscendingSorted" time="0.591"/>
  <testcase classname="testcases.UserTests" name="testGetUserById" time="0.69"/>
  <testcase classname="testcases.UserTests" name="testGetUserByLimit" time="0.574"/>
  <testcase classname="testcases.UserTests" name="testGetUserDescendingSorted" time="0.937"/>
  <testcase classname="testcases.UserTests" name="testUpdateUser" time="0.424"/>
</testsuite> <!-- User Tests -->
