<?xml version="1.0" encoding="UTF-8"?>
<!-- Generated by org.testng.reporters.JUnitXMLReporter -->
<testsuite ignored="0" hostname="DESKTOP-GPRRRCM" failures="0" tests="8" name="User Tests" time="8.144" errors="0" timestamp="2025-09-05T02:17:17 IST">
  <testcase classname="testcases.UserTests" name="testAddNewUser" time="3.21"/>
  <testcase classname="testcases.UserTests" name="testDeleteUser" time="0.561"/>
  <testcase classname="testcases.UserTests" name="testGetAllUsers" time="0.716"/>
  <testcase classname="testcases.UserTests" name="testGetUserAscendingSorted" time="0.723"/>
  <testcase classname="testcases.UserTests" name="testGetUserById" time="0.566"/>
  <testcase classname="testcases.UserTests" name="testGetUserByLimit" time="0.655"/>
  <testcase classname="testcases.UserTests" name="testGetUserDescendingSorted" time="0.578"/>
  <testcase classname="testcases.UserTests" name="testUpdateUser" time="0.464"/>
</testsuite> <!-- User Tests -->
