<?xml version="1.0" encoding="UTF-8"?>
<testng-results ignored="0" total="18" passed="18" failed="0" skipped="0">
  <reporter-output>
  </reporter-output>
  <suite started-at="2025-09-05T02:17:08 IST" name="API TestSuite" finished-at="2025-09-05T02:17:17 IST" duration-ms="8525">
    <groups>
    </groups>
    <test started-at="2025-09-05T02:17:08 IST" name="User Tests" finished-at="2025-09-05T02:17:16 IST" duration-ms="8144">
      <class name="testcases.UserTests">
        <test-method is-config="true" signature="setup()[pri:0, instance:testcases.UserTests@6f204a1a]" started-at="2025-09-05T02:17:08 IST" name="setup" finished-at="2025-09-05T02:17:09 IST" duration-ms="321" status="PASS">
          <reporter-output>
          </reporter-output>
        </test-method> <!-- setup -->
        <test-method signature="testAddNewUser()[pri:0, instance:testcases.UserTests@6f204a1a]" started-at="2025-09-05T02:17:09 IST" name="testAddNewUser" finished-at="2025-09-05T02:17:12 IST" duration-ms="3210" status="PASS">
          <reporter-output>
          </reporter-output>
        </test-method> <!-- testAddNewUser -->
        <test-method signature="testDeleteUser()[pri:0, instance:testcases.UserTests@6f204a1a]" started-at="2025-09-05T02:17:12 IST" name="testDeleteUser" finished-at="2025-09-05T02:17:13 IST" duration-ms="561" status="PASS">
          <reporter-output>
          </reporter-output>
        </test-method> <!-- testDeleteUser -->
        <test-method signature="testGetAllUsers()[pri:0, instance:testcases.UserTests@6f204a1a]" started-at="2025-09-05T02:17:13 IST" name="testGetAllUsers" finished-at="2025-09-05T02:17:13 IST" duration-ms="716" status="PASS">
          <reporter-output>
          </reporter-output>
        </test-method> <!-- testGetAllUsers -->
        <test-method signature="testGetUserAscendingSorted()[pri:0, instance:testcases.UserTests@6f204a1a]" started-at="2025-09-05T02:17:13 IST" name="testGetUserAscendingSorted" finished-at="2025-09-05T02:17:14 IST" duration-ms="723" status="PASS">
          <reporter-output>
          </reporter-output>
        </test-method> <!-- testGetUserAscendingSorted -->
        <test-method signature="testGetUserById()[pri:0, instance:testcases.UserTests@6f204a1a]" started-at="2025-09-05T02:17:14 IST" name="testGetUserById" finished-at="2025-09-05T02:17:15 IST" duration-ms="566" status="PASS">
          <reporter-output>
          </reporter-output>
        </test-method> <!-- testGetUserById -->
        <test-method signature="testGetUserByLimit()[pri:0, instance:testcases.UserTests@6f204a1a]" started-at="2025-09-05T02:17:15 IST" name="testGetUserByLimit" finished-at="2025-09-05T02:17:15 IST" duration-ms="655" status="PASS">
          <reporter-output>
          </reporter-output>
        </test-method> <!-- testGetUserByLimit -->
        <test-method signature="testGetUserDescendingSorted()[pri:0, instance:testcases.UserTests@6f204a1a]" started-at="2025-09-05T02:17:15 IST" name="testGetUserDescendingSorted" finished-at="2025-09-05T02:17:16 IST" duration-ms="578" status="PASS">
          <reporter-output>
          </reporter-output>
        </test-method> <!-- testGetUserDescendingSorted -->
        <test-method signature="testUpdateUser()[pri:0, instance:testcases.UserTests@6f204a1a]" started-at="2025-09-05T02:17:16 IST" name="testUpdateUser" finished-at="2025-09-05T02:17:16 IST" duration-ms="464" status="PASS">
          <reporter-output>
          </reporter-output>
        </test-method> <!-- testUpdateUser -->
      </class> <!-- testcases.UserTests -->
    </test> <!-- User Tests -->
    <test started-at="2025-09-05T02:17:08 IST" name="Product Tests" finished-at="2025-09-05T02:17:17 IST" duration-ms="8525">
      <class name="testcases.ProductTests">
        <test-method is-config="true" signature="setup()[pri:0, instance:testcases.ProductTests@5890e879]" started-at="2025-09-05T02:17:08 IST" name="setup" finished-at="2025-09-05T02:17:09 IST" duration-ms="321" status="PASS">
          <reporter-output>
          </reporter-output>
        </test-method> <!-- setup -->
        <test-method signature="testAddNewProduct()[pri:0, instance:testcases.ProductTests@5890e879]" started-at="2025-09-05T02:17:09 IST" name="testAddNewProduct" finished-at="2025-09-05T02:17:12 IST" duration-ms="3219" status="PASS">
          <reporter-output>
          </reporter-output>
        </test-method> <!-- testAddNewProduct -->
        <test-method signature="testDeleteProduct()[pri:0, instance:testcases.ProductTests@5890e879]" started-at="2025-09-05T02:17:12 IST" name="testDeleteProduct" finished-at="2025-09-05T02:17:13 IST" duration-ms="663" status="PASS">
          <reporter-output>
          </reporter-output>
        </test-method> <!-- testDeleteProduct -->
        <test-method signature="testGetAllCategories()[pri:0, instance:testcases.ProductTests@5890e879]" started-at="2025-09-05T02:17:13 IST" name="testGetAllCategories" finished-at="2025-09-05T02:17:13 IST" duration-ms="530" status="PASS">
          <reporter-output>
          </reporter-output>
        </test-method> <!-- testGetAllCategories -->
        <test-method signature="testGetAllProducts()[pri:0, instance:testcases.ProductTests@5890e879]" started-at="2025-09-05T02:17:13 IST" name="testGetAllProducts" finished-at="2025-09-05T02:17:14 IST" duration-ms="521" status="PASS">
          <reporter-output>
          </reporter-output>
        </test-method> <!-- testGetAllProducts -->
        <test-method signature="testGetLimitedProducts()[pri:0, instance:testcases.ProductTests@5890e879]" started-at="2025-09-05T02:17:14 IST" name="testGetLimitedProducts" finished-at="2025-09-05T02:17:14 IST" duration-ms="485" status="PASS">
          <reporter-output>
          </reporter-output>
        </test-method> <!-- testGetLimitedProducts -->
        <test-method signature="testGetProductsByCategory()[pri:0, instance:testcases.ProductTests@5890e879]" started-at="2025-09-05T02:17:14 IST" name="testGetProductsByCategory" finished-at="2025-09-05T02:17:15 IST" duration-ms="634" status="PASS">
          <reporter-output>
          </reporter-output>
        </test-method> <!-- testGetProductsByCategory -->
        <test-method signature="testGetSingleProductById()[pri:0, instance:testcases.ProductTests@5890e879]" started-at="2025-09-05T02:17:15 IST" name="testGetSingleProductById" finished-at="2025-09-05T02:17:15 IST" duration-ms="432" status="PASS">
          <reporter-output>
          </reporter-output>
        </test-method> <!-- testGetSingleProductById -->
        <test-method signature="testGetSortedProducts()[pri:0, instance:testcases.ProductTests@5890e879]" started-at="2025-09-05T02:17:15 IST" name="testGetSortedProducts" finished-at="2025-09-05T02:17:16 IST" duration-ms="474" status="PASS">
          <reporter-output>
          </reporter-output>
        </test-method> <!-- testGetSortedProducts -->
        <test-method signature="testGetSortedProductsAsc()[pri:0, instance:testcases.ProductTests@5890e879]" started-at="2025-09-05T02:17:16 IST" name="testGetSortedProductsAsc" finished-at="2025-09-05T02:17:16 IST" duration-ms="459" status="PASS">
          <reporter-output>
          </reporter-output>
        </test-method> <!-- testGetSortedProductsAsc -->
        <test-method signature="testUpdateProduct()[pri:0, instance:testcases.ProductTests@5890e879]" started-at="2025-09-05T02:17:16 IST" name="testUpdateProduct" finished-at="2025-09-05T02:17:17 IST" duration-ms="455" status="PASS">
          <reporter-output>
          </reporter-output>
        </test-method> <!-- testUpdateProduct -->
      </class> <!-- testcases.ProductTests -->
    </test> <!-- Product Tests -->
  </suite> <!-- API TestSuite -->
</testng-results>
